This file contains any messages produced by compilers while
running configure, to aid debugging if configure makes a mistake.

It was created by xosd configure 2.2.14, which was
generated by GNU Autoconf 2.59.  Invocation command line was

  $ ./configure 

## --------- ##
## Platform. ##
## --------- ##

hostname = FatStacks
uname -m = x86_64
uname -r = 5.15.0-52-generic
uname -s = Linux
uname -v = #58~20.04.1-Ubuntu SMP Thu Oct 13 13:09:46 UTC 2022

/usr/bin/uname -p = x86_64
/bin/uname -X     = unknown

/bin/arch              = x86_64
/usr/bin/arch -k       = unknown
/usr/convex/getsysinfo = unknown
hostinfo               = unknown
/bin/machine           = unknown
/usr/bin/oslevel       = unknown
/bin/universe          = unknown

PATH: /usr/local/sbin
PATH: /usr/local/bin
PATH: /usr/sbin
PATH: /usr/bin
PATH: /sbin
PATH: /bin
PATH: /usr/games
PATH: /usr/local/games
PATH: /snap/bin


## ----------- ##
## Core tests. ##
## ----------- ##

configure:1569: checking for a BSD-compatible install
configure:1624: result: /usr/bin/install -c
configure:1635: checking whether build environment is sane
configure:1678: result: yes
configure:1743: checking for gawk
configure:1772: result: no
configure:1743: checking for mawk
configure:1759: found /usr/bin/mawk
configure:1769: result: mawk
configure:1779: checking whether make sets $(MAKE)
configure:1799: result: yes
configure:1969: checking whether to enable maintainer-specific portions of Makefiles
configure:1978: result: no
configure:2040: checking for gcc
configure:2056: found /usr/bin/gcc
configure:2066: result: gcc
configure:2310: checking for C compiler version
configure:2313: gcc --version </dev/null >&5
gcc (Ubuntu 9.4.0-1ubuntu1~20.04.1) 9.4.0
Copyright (C) 2019 Free Software Foundation, Inc.
This is free software; see the source for copying conditions.  There is NO
warranty; not even for MERCHANTABILITY or FITNESS FOR A PARTICULAR PURPOSE.

configure:2316: $? = 0
configure:2318: gcc -v </dev/null >&5
Using built-in specs.
COLLECT_GCC=gcc
COLLECT_LTO_WRAPPER=/usr/lib/gcc/x86_64-linux-gnu/9/lto-wrapper
OFFLOAD_TARGET_NAMES=nvptx-none:hsa
OFFLOAD_TARGET_DEFAULT=1
Target: x86_64-linux-gnu
Configured with: ../src/configure -v --with-pkgversion='Ubuntu 9.4.0-1ubuntu1~20.04.1' --with-bugurl=file:///usr/share/doc/gcc-9/README.Bugs --enable-languages=c,ada,c++,go,brig,d,fortran,objc,obj-c++,gm2 --prefix=/usr --with-gcc-major-version-only --program-suffix=-9 --program-prefix=x86_64-linux-gnu- --enable-shared --enable-linker-build-id --libexecdir=/usr/lib --without-included-gettext --enable-threads=posix --libdir=/usr/lib --enable-nls --enable-clocale=gnu --enable-libstdcxx-debug --enable-libstdcxx-time=yes --with-default-libstdcxx-abi=new --enable-gnu-unique-object --disable-vtable-verify --enable-plugin --enable-default-pie --with-system-zlib --with-target-system-zlib=auto --enable-objc-gc=auto --enable-multiarch --disable-werror --with-arch-32=i686 --with-abi=m64 --with-multilib-list=m32,m64,mx32 --enable-multilib --with-tune=generic --enable-offload-targets=nvptx-none=/build/gcc-9-Av3uEd/gcc-9-9.4.0/debian/tmp-nvptx/usr,hsa --without-cuda-driver --enable-checking=release --build=x86_64-linux-gnu --host=x86_64-linux-gnu --target=x86_64-linux-gnu
Thread model: posix
gcc version 9.4.0 (Ubuntu 9.4.0-1ubuntu1~20.04.1) 
configure:2321: $? = 0
configure:2323: gcc -V </dev/null >&5
gcc: error: unrecognized command line option '-V'
gcc: fatal error: no input files
compilation terminated.
configure:2326: $? = 1
configure:2349: checking for C compiler default output file name
configure:2352: gcc    conftest.c  >&5
configure:2355: $? = 0
configure:2401: result: a.out
configure:2406: checking whether the C compiler works
configure:2412: ./a.out
configure:2415: $? = 0
configure:2432: result: yes
configure:2439: checking whether we are cross compiling
configure:2441: result: no
configure:2444: checking for suffix of executables
configure:2446: gcc -o conftest    conftest.c  >&5
configure:2449: $? = 0
configure:2474: result: 
configure:2480: checking for suffix of object files
configure:2501: gcc -c   conftest.c >&5
configure:2504: $? = 0
configure:2526: result: o
configure:2530: checking whether we are using the GNU C compiler
configure:2554: gcc -c   conftest.c >&5
configure:2560: $? = 0
configure:2564: test -z 
			 || test ! -s conftest.err
configure:2567: $? = 0
configure:2570: test -s conftest.o
configure:2573: $? = 0
configure:2586: result: yes
configure:2592: checking whether gcc accepts -g
configure:2613: gcc -c -g  conftest.c >&5
configure:2619: $? = 0
configure:2623: test -z 
			 || test ! -s conftest.err
configure:2626: $? = 0
configure:2629: test -s conftest.o
configure:2632: $? = 0
configure:2643: result: yes
configure:2660: checking for gcc option to accept ANSI C
configure:2730: gcc  -c -g -O2  conftest.c >&5
configure:2736: $? = 0
configure:2740: test -z 
			 || test ! -s conftest.err
configure:2743: $? = 0
configure:2746: test -s conftest.o
configure:2749: $? = 0
configure:2767: result: none needed
configure:2785: gcc -c -g -O2  conftest.c >&5
conftest.c:2:3: error: unknown type name 'choke'
    2 |   choke me
      |   ^~~~~
conftest.c:2:3: error: expected '=', ',', ';', 'asm' or '__attribute__' at end of input
configure:2791: $? = 1
configure: failed program was:
| #ifndef __cplusplus
|   choke me
| #endif
configure:2935: checking for style of include used by make
configure:2963: result: GNU
configure:2991: checking dependency style of gcc
configure:3081: result: gcc3
configure:3111: checking for a BSD-compatible install
configure:3166: result: /usr/bin/install -c
configure:3177: checking whether ln -s works
configure:3181: result: yes
configure:3266: checking build system type
configure:3284: result: x86_64-unknown-linux-gnu
configure:3292: checking host system type
configure:3306: result: x86_64-unknown-linux-gnu
configure:3314: checking for a sed that does not truncate output
configure:3368: result: /usr/bin/sed
configure:3371: checking for egrep
configure:3381: result: grep -E
configure:3397: checking for ld used by gcc
configure:3464: result: /usr/bin/ld
configure:3473: checking if the linker (/usr/bin/ld) is GNU ld
configure:3488: result: yes
configure:3493: checking for /usr/bin/ld option to reload object files
configure:3500: result: -r
configure:3509: checking for BSD-compatible nm
configure:3551: result: /usr/bin/nm -B
configure:3555: checking how to recognise dependent libraries
configure:3738: result: pass_all
configure:3823: gcc -c -g -O2  conftest.c >&5
configure:3826: $? = 0
configure:3952: checking how to run the C preprocessor
configure:3987: gcc -E  conftest.c
configure:3993: $? = 0
configure:4025: gcc -E  conftest.c
conftest.c:9:10: fatal error: ac_nonexistent.h: No such file or directory
    9 | #include <ac_nonexistent.h>
      |          ^~~~~~~~~~~~~~~~~~
compilation terminated.
configure:4031: $? = 1
configure: failed program was:
| /* confdefs.h.  */
| 
| #define PACKAGE_NAME "xosd"
| #define PACKAGE_TARNAME "xosd"
| #define PACKAGE_VERSION "2.2.14"
| #define PACKAGE_STRING "xosd 2.2.14"
| #define PACKAGE_BUGREPORT ""
| /* end confdefs.h.  */
| #include <ac_nonexistent.h>
configure:4070: result: gcc -E
configure:4094: gcc -E  conftest.c
configure:4100: $? = 0
configure:4132: gcc -E  conftest.c
conftest.c:9:10: fatal error: ac_nonexistent.h: No such file or directory
    9 | #include <ac_nonexistent.h>
      |          ^~~~~~~~~~~~~~~~~~
compilation terminated.
configure:4138: $? = 1
configure: failed program was:
| /* confdefs.h.  */
| 
| #define PACKAGE_NAME "xosd"
| #define PACKAGE_TARNAME "xosd"
| #define PACKAGE_VERSION "2.2.14"
| #define PACKAGE_STRING "xosd 2.2.14"
| #define PACKAGE_BUGREPORT ""
| /* end confdefs.h.  */
| #include <ac_nonexistent.h>
configure:4182: checking for ANSI C header files
configure:4207: gcc -c -g -O2  conftest.c >&5
configure:4213: $? = 0
configure:4217: test -z 
			 || test ! -s conftest.err
configure:4220: $? = 0
configure:4223: test -s conftest.o
configure:4226: $? = 0
configure:4315: gcc -o conftest -g -O2   conftest.c  >&5
conftest.c: In function 'main':
conftest.c:26:7: warning: implicit declaration of function 'exit' [-Wimplicit-function-declaration]
   26 |       exit(2);
      |       ^~~~
conftest.c:26:7: warning: incompatible implicit declaration of built-in function 'exit'
conftest.c:10:1: note: include '<stdlib.h>' or provide a declaration of 'exit'
    9 | #include <ctype.h>
  +++ |+#include <stdlib.h>
   10 | #if ((' ' & 0x0FF) == 0x020)
conftest.c:27:3: warning: incompatible implicit declaration of built-in function 'exit'
   27 |   exit (0);
      |   ^~~~
conftest.c:27:3: note: include '<stdlib.h>' or provide a declaration of 'exit'
configure:4318: $? = 0
configure:4320: ./conftest
configure:4323: $? = 0
configure:4338: result: yes
configure:4362: checking for sys/types.h
configure:4378: gcc -c -g -O2  conftest.c >&5
configure:4384: $? = 0
configure:4388: test -z 
			 || test ! -s conftest.err
configure:4391: $? = 0
configure:4394: test -s conftest.o
configure:4397: $? = 0
configure:4408: result: yes
configure:4362: checking for sys/stat.h
configure:4378: gcc -c -g -O2  conftest.c >&5
configure:4384: $? = 0
configure:4388: test -z 
			 || test ! -s conftest.err
configure:4391: $? = 0
configure:4394: test -s conftest.o
configure:4397: $? = 0
configure:4408: result: yes
configure:4362: checking for stdlib.h
configure:4378: gcc -c -g -O2  conftest.c >&5
configure:4384: $? = 0
configure:4388: test -z 
			 || test ! -s conftest.err
configure:4391: $? = 0
configure:4394: test -s conftest.o
configure:4397: $? = 0
configure:4408: result: yes
configure:4362: checking for string.h
configure:4378: gcc -c -g -O2  conftest.c >&5
configure:4384: $? = 0
configure:4388: test -z 
			 || test ! -s conftest.err
configure:4391: $? = 0
configure:4394: test -s conftest.o
configure:4397: $? = 0
configure:4408: result: yes
configure:4362: checking for memory.h
configure:4378: gcc -c -g -O2  conftest.c >&5
configure:4384: $? = 0
configure:4388: test -z 
			 || test ! -s conftest.err
configure:4391: $? = 0
configure:4394: test -s conftest.o
configure:4397: $? = 0
configure:4408: result: yes
configure:4362: checking for strings.h
configure:4378: gcc -c -g -O2  conftest.c >&5
configure:4384: $? = 0
configure:4388: test -z 
			 || test ! -s conftest.err
configure:4391: $? = 0
configure:4394: test -s conftest.o
configure:4397: $? = 0
configure:4408: result: yes
configure:4362: checking for inttypes.h
configure:4378: gcc -c -g -O2  conftest.c >&5
configure:4384: $? = 0
configure:4388: test -z 
			 || test ! -s conftest.err
configure:4391: $? = 0
configure:4394: test -s conftest.o
configure:4397: $? = 0
configure:4408: result: yes
configure:4362: checking for stdint.h
configure:4378: gcc -c -g -O2  conftest.c >&5
configure:4384: $? = 0
configure:4388: test -z 
			 || test ! -s conftest.err
configure:4391: $? = 0
configure:4394: test -s conftest.o
configure:4397: $? = 0
configure:4408: result: yes
configure:4362: checking for unistd.h
configure:4378: gcc -c -g -O2  conftest.c >&5
configure:4384: $? = 0
configure:4388: test -z 
			 || test ! -s conftest.err
configure:4391: $? = 0
configure:4394: test -s conftest.o
configure:4397: $? = 0
configure:4408: result: yes
configure:4434: checking dlfcn.h usability
configure:4446: gcc -c -g -O2  conftest.c >&5
configure:4452: $? = 0
configure:4456: test -z 
			 || test ! -s conftest.err
configure:4459: $? = 0
configure:4462: test -s conftest.o
configure:4465: $? = 0
configure:4475: result: yes
configure:4479: checking dlfcn.h presence
configure:4489: gcc -E  conftest.c
configure:4495: $? = 0
configure:4515: result: yes
configure:4550: checking for dlfcn.h
configure:4557: result: yes
configure:4622: checking for g++
configure:4638: found /usr/bin/g++
configure:4648: result: g++
configure:4664: checking for C++ compiler version
configure:4667: g++ --version </dev/null >&5
g++ (Ubuntu 9.4.0-1ubuntu1~20.04.1) 9.4.0
Copyright (C) 2019 Free Software Foundation, Inc.
This is free software; see the source for copying conditions.  There is NO
warranty; not even for MERCHANTABILITY or FITNESS FOR A PARTICULAR PURPOSE.

configure:4670: $? = 0
configure:4672: g++ -v </dev/null >&5
Using built-in specs.
COLLECT_GCC=g++
COLLECT_LTO_WRAPPER=/usr/lib/gcc/x86_64-linux-gnu/9/lto-wrapper
OFFLOAD_TARGET_NAMES=nvptx-none:hsa
OFFLOAD_TARGET_DEFAULT=1
Target: x86_64-linux-gnu
Configured with: ../src/configure -v --with-pkgversion='Ubuntu 9.4.0-1ubuntu1~20.04.1' --with-bugurl=file:///usr/share/doc/gcc-9/README.Bugs --enable-languages=c,ada,c++,go,brig,d,fortran,objc,obj-c++,gm2 --prefix=/usr --with-gcc-major-version-only --program-suffix=-9 --program-prefix=x86_64-linux-gnu- --enable-shared --enable-linker-build-id --libexecdir=/usr/lib --without-included-gettext --enable-threads=posix --libdir=/usr/lib --enable-nls --enable-clocale=gnu --enable-libstdcxx-debug --enable-libstdcxx-time=yes --with-default-libstdcxx-abi=new --enable-gnu-unique-object --disable-vtable-verify --enable-plugin --enable-default-pie --with-system-zlib --with-target-system-zlib=auto --enable-objc-gc=auto --enable-multiarch --disable-werror --with-arch-32=i686 --with-abi=m64 --with-multilib-list=m32,m64,mx32 --enable-multilib --with-tune=generic --enable-offload-targets=nvptx-none=/build/gcc-9-Av3uEd/gcc-9-9.4.0/debian/tmp-nvptx/usr,hsa --without-cuda-driver --enable-checking=release --build=x86_64-linux-gnu --host=x86_64-linux-gnu --target=x86_64-linux-gnu
Thread model: posix
gcc version 9.4.0 (Ubuntu 9.4.0-1ubuntu1~20.04.1) 
configure:4675: $? = 0
configure:4677: g++ -V </dev/null >&5
g++: error: unrecognized command line option '-V'
g++: fatal error: no input files
compilation terminated.
configure:4680: $? = 1
configure:4683: checking whether we are using the GNU C++ compiler
configure:4707: g++ -c   conftest.cc >&5
configure:4713: $? = 0
configure:4717: test -z 
			 || test ! -s conftest.err
configure:4720: $? = 0
configure:4723: test -s conftest.o
configure:4726: $? = 0
configure:4739: result: yes
configure:4745: checking whether g++ accepts -g
configure:4766: g++ -c -g  conftest.cc >&5
configure:4772: $? = 0
configure:4776: test -z 
			 || test ! -s conftest.err
configure:4779: $? = 0
configure:4782: test -s conftest.o
configure:4785: $? = 0
configure:4796: result: yes
configure:4838: g++ -c -g -O2  conftest.cc >&5
configure:4844: $? = 0
configure:4848: test -z 
			 || test ! -s conftest.err
configure:4851: $? = 0
configure:4854: test -s conftest.o
configure:4857: $? = 0
configure:4883: g++ -c -g -O2  conftest.cc >&5
conftest.cc: In function 'int main()':
conftest.cc:24:1: error: 'exit' was not declared in this scope
   24 | exit (42);
      | ^~~~
configure:4889: $? = 1
configure: failed program was:
| /* confdefs.h.  */
| 
| #define PACKAGE_NAME "xosd"
| #define PACKAGE_TARNAME "xosd"
| #define PACKAGE_VERSION "2.2.14"
| #define PACKAGE_STRING "xosd 2.2.14"
| #define PACKAGE_BUGREPORT ""
| #define STDC_HEADERS 1
| #define HAVE_SYS_TYPES_H 1
| #define HAVE_SYS_STAT_H 1
| #define HAVE_STDLIB_H 1
| #define HAVE_STRING_H 1
| #define HAVE_MEMORY_H 1
| #define HAVE_STRINGS_H 1
| #define HAVE_INTTYPES_H 1
| #define HAVE_STDINT_H 1
| #define HAVE_UNISTD_H 1
| #define HAVE_DLFCN_H 1
| /* end confdefs.h.  */
| 
| int
| main ()
| {
| exit (42);
|   ;
|   return 0;
| }
configure:4838: g++ -c -g -O2  conftest.cc >&5
configure:4844: $? = 0
configure:4848: test -z 
			 || test ! -s conftest.err
configure:4851: $? = 0
configure:4854: test -s conftest.o
configure:4857: $? = 0
configure:4883: g++ -c -g -O2  conftest.cc >&5
configure:4889: $? = 0
configure:4893: test -z 
			 || test ! -s conftest.err
configure:4896: $? = 0
configure:4899: test -s conftest.o
configure:4902: $? = 0
configure:4927: checking dependency style of g++
configure:5017: result: gcc3
configure:5039: checking how to run the C++ preprocessor
configure:5070: g++ -E  conftest.cc
configure:5076: $? = 0
configure:5108: g++ -E  conftest.cc
conftest.cc:23:10: fatal error: ac_nonexistent.h: No such file or directory
   23 | #include <ac_nonexistent.h>
      |          ^~~~~~~~~~~~~~~~~~
compilation terminated.
configure:5114: $? = 1
configure: failed program was:
| /* confdefs.h.  */
| 
| #define PACKAGE_NAME "xosd"
| #define PACKAGE_TARNAME "xosd"
| #define PACKAGE_VERSION "2.2.14"
| #define PACKAGE_STRING "xosd 2.2.14"
| #define PACKAGE_BUGREPORT ""
| #define STDC_HEADERS 1
| #define HAVE_SYS_TYPES_H 1
| #define HAVE_SYS_STAT_H 1
| #define HAVE_STDLIB_H 1
| #define HAVE_STRING_H 1
| #define HAVE_MEMORY_H 1
| #define HAVE_STRINGS_H 1
| #define HAVE_INTTYPES_H 1
| #define HAVE_STDINT_H 1
| #define HAVE_UNISTD_H 1
| #define HAVE_DLFCN_H 1
| #ifdef __cplusplus
| extern "C" void std::exit (int) throw (); using std::exit;
| #endif
| /* end confdefs.h.  */
| #include <ac_nonexistent.h>
configure:5153: result: g++ -E
configure:5177: g++ -E  conftest.cc
configure:5183: $? = 0
configure:5215: g++ -E  conftest.cc
conftest.cc:23:10: fatal error: ac_nonexistent.h: No such file or directory
   23 | #include <ac_nonexistent.h>
      |          ^~~~~~~~~~~~~~~~~~
compilation terminated.
configure:5221: $? = 1
configure: failed program was:
| /* confdefs.h.  */
| 
| #define PACKAGE_NAME "xosd"
| #define PACKAGE_TARNAME "xosd"
| #define PACKAGE_VERSION "2.2.14"
| #define PACKAGE_STRING "xosd 2.2.14"
| #define PACKAGE_BUGREPORT ""
| #define STDC_HEADERS 1
| #define HAVE_SYS_TYPES_H 1
| #define HAVE_SYS_STAT_H 1
| #define HAVE_STDLIB_H 1
| #define HAVE_STRING_H 1
| #define HAVE_MEMORY_H 1
| #define HAVE_STRINGS_H 1
| #define HAVE_INTTYPES_H 1
| #define HAVE_STDINT_H 1
| #define HAVE_UNISTD_H 1
| #define HAVE_DLFCN_H 1
| #ifdef __cplusplus
| extern "C" void std::exit (int) throw (); using std::exit;
| #endif
| /* end confdefs.h.  */
| #include <ac_nonexistent.h>
configure:5316: checking for g77
configure:5345: result: no
configure:5316: checking for f77
configure:5345: result: no
configure:5316: checking for xlf
configure:5345: result: no
configure:5316: checking for frt
configure:5345: result: no
configure:5316: checking for pgf77
configure:5345: result: no
configure:5316: checking for fort77
configure:5345: result: no
configure:5316: checking for fl32
configure:5345: result: no
configure:5316: checking for af77
configure:5345: result: no
configure:5316: checking for f90
configure:5345: result: no
configure:5316: checking for xlf90
configure:5345: result: no
configure:5316: checking for pgf90
configure:5345: result: no
configure:5316: checking for epcf90
configure:5345: result: no
configure:5316: checking for f95
configure:5345: result: no
configure:5316: checking for fort
configure:5345: result: no
configure:5316: checking for xlf95
configure:5345: result: no
configure:5316: checking for ifc
configure:5345: result: no
configure:5316: checking for efc
configure:5345: result: no
configure:5316: checking for pgf95
configure:5345: result: no
configure:5316: checking for lf95
configure:5345: result: no
configure:5316: checking for gfortran
configure:5345: result: no
configure:5359: checking for Fortran 77 compiler version
configure:5360:  --version </dev/null >&5
./configure: line 5361: --version: command not found
configure:5363: $? = 127
configure:5365:  -v </dev/null >&5
./configure: line 5366: -v: command not found
configure:5368: $? = 127
configure:5370:  -V </dev/null >&5
./configure: line 5371: -V: command not found
configure:5373: $? = 127
configure:5381: checking whether we are using the GNU Fortran 77 compiler
configure:5395:  -c  conftest.F >&5
./configure: line 5396: -c: command not found
configure:5401: $? = 127
configure: failed program was:
|       program main
| #ifndef __GNUC__
|        choke me
| #endif
| 
|       end
configure:5427: result: no
configure:5433: checking whether  accepts -g
configure:5445:  -c -g conftest.f >&5
./configure: line 5446: -c: command not found
configure:5451: $? = 127
configure: failed program was:
|       program main
| 
|       end
configure:5476: result: no
configure:5506: checking the maximum length of command line arguments
configure:5571: result: 32768
configure:5582: checking command to parse /usr/bin/nm -B output from gcc object
configure:5671: gcc -c -g -O2  conftest.c >&5
configure:5674: $? = 0
configure:5678: /usr/bin/nm -B conftest.o \| sed -n -e 's/^.*[ 	]\([ABCDGIRSTW][ABCDGIRSTW]*\)[ 	][ 	]*\(\)\([_A-Za-z][_A-Za-z0-9]*\)$/\1 \2\3 \3/p' \> conftest.nm
configure:5681: $? = 0
configure:5733: gcc -o conftest -g -O2   conftest.c conftstm.o >&5
configure:5736: $? = 0
configure:5774: result: ok
configure:5778: checking for objdir
configure:5793: result: .libs
configure:5883: checking for ar
configure:5899: found /usr/bin/ar
configure:5910: result: ar
configure:5963: checking for ranlib
configure:5979: found /usr/bin/ranlib
configure:5990: result: ranlib
configure:6043: checking for strip
configure:6059: found /usr/bin/strip
configure:6070: result: strip
configure:6332: checking if gcc static flag  works
configure:6355: result: yes
configure:6373: checking if gcc supports -fno-rtti -fno-exceptions
configure:6393: gcc -c -g -O2  -fno-rtti -fno-exceptions conftest.c >&5
cc1: warning: command line option '-fno-rtti' is valid for C++/D/ObjC++ but not for C
configure:6397: $? = 0
configure:6406: result: no
configure:6398: checking for gcc option to produce PIC
configure:6575: result: -fPIC
configure:6583: checking if gcc PIC flag -fPIC works
configure:6626: gcc -c -g -O2  -fPIC -DPIC conftest.c >&5
configure:6630: $? = 0
configure:6616: result: yes
configure:6613: checking if gcc supports -c -o file.o
configure:6686: gcc -c -g -O2  -o out/conftest2.o conftest.c >&5
configure:6690: $? = 0
configure:6636: result: yes
configure:6662: checking whether the gcc linker (/usr/bin/ld -m elf_x86_64) supports shared libraries
configure:7510: result: yes
configure:7536: checking whether -lc should be explicitly linked in
configure:7541: gcc -c -g -O2  conftest.c >&5
configure:7544: $? = 0
configure:7558: gcc -shared conftest.o  -v -Wl,-soname -Wl,conftest -o conftest 2\>\&1 \| grep  -lc  \>/dev/null 2\>\&1
configure:7561: $? = 0
configure:7573: result: no
configure:7581: checking dynamic linker characteristics
configure:7947: gcc -c -g -O2  conftest.c >&5
configure:7950: $? = 0
configure:8142: result: GNU/Linux ld.so
configure:8146: checking how to hardcode library paths into programs
configure:8171: result: immediate
configure:8185: checking whether stripping libraries is possible
configure:8190: result: yes
configure:9020: checking if libtool supports shared libraries
configure:9022: result: yes
configure:9025: checking whether to build shared libraries
configure:9083: result: yes
configure:9086: checking whether to build static libraries
configure:9090: result: yes
configure:9182: creating libtool
configure:9729: checking for ld used by g++
configure:9796: result: /usr/bin/ld -m elf_x86_64
configure:9805: checking if the linker (/usr/bin/ld -m elf_x86_64) is GNU ld
configure:9820: result: yes
configure:9871: checking whether the g++ linker (/usr/bin/ld -m elf_x86_64) supports shared libraries
configure:10699: result: yes
configure:10717: g++ -c -g -O2  conftest.cc >&5
configure:10720: $? = 0
configure:10816: checking for g++ option to produce PIC
configure:11068: result: -fPIC
configure:11076: checking if g++ PIC flag -fPIC works
configure:11168: g++ -c -g -O2  -fPIC -DPIC conftest.cc >&5
configure:11172: $? = 0
configure:11109: result: yes
configure:11133: checking if g++ supports -c -o file.o
configure:11228: g++ -c -g -O2  -o out/conftest2.o conftest.cc >&5
configure:11232: $? = 0
configure:11178: result: yes
configure:11204: checking whether the g++ linker (/usr/bin/ld -m elf_x86_64) supports shared libraries
configure:11229: result: yes
configure:11300: checking dynamic linker characteristics
configure:11666: g++ -c -g -O2  conftest.cc >&5
configure:11669: $? = 0
configure:11861: result: GNU/Linux ld.so
configure:11865: checking how to hardcode library paths into programs
configure:11890: result: immediate
configure:11904: checking whether stripping libraries is possible
configure:11909: result: yes
configure:19186: checking for X
configure:19291: gcc -E  conftest.c
conftest.c:23:10: fatal error: X11/Intrinsic.h: No such file or directory
   23 | #include <X11/Intrinsic.h>
      |          ^~~~~~~~~~~~~~~~~
compilation terminated.
configure:19297: $? = 1
configure: failed program was:
| /* confdefs.h.  */
| 
| #define PACKAGE_NAME "xosd"
| #define PACKAGE_TARNAME "xosd"
| #define PACKAGE_VERSION "2.2.14"
| #define PACKAGE_STRING "xosd 2.2.14"
| #define PACKAGE_BUGREPORT ""
| #define STDC_HEADERS 1
| #define HAVE_SYS_TYPES_H 1
| #define HAVE_SYS_STAT_H 1
| #define HAVE_STDLIB_H 1
| #define HAVE_STRING_H 1
| #define HAVE_MEMORY_H 1
| #define HAVE_STRINGS_H 1
| #define HAVE_INTTYPES_H 1
| #define HAVE_STDINT_H 1
| #define HAVE_UNISTD_H 1
| #define HAVE_DLFCN_H 1
| #ifdef __cplusplus
| extern "C" void std::exit (int) throw (); using std::exit;
| #endif
| /* end confdefs.h.  */
| #include <X11/Intrinsic.h>
configure:19347: gcc -o conftest -g -O2   conftest.c -lXt  >&5
conftest.c:23:10: fatal error: X11/Intrinsic.h: No such file or directory
   23 | #include <X11/Intrinsic.h>
      |          ^~~~~~~~~~~~~~~~~
compilation terminated.
configure:19353: $? = 1
configure: failed program was:
| /* confdefs.h.  */
| 
| #define PACKAGE_NAME "xosd"
| #define PACKAGE_TARNAME "xosd"
| #define PACKAGE_VERSION "2.2.14"
| #define PACKAGE_STRING "xosd 2.2.14"
| #define PACKAGE_BUGREPORT ""
| #define STDC_HEADERS 1
| #define HAVE_SYS_TYPES_H 1
| #define HAVE_SYS_STAT_H 1
| #define HAVE_STDLIB_H 1
| #define HAVE_STRING_H 1
| #define HAVE_MEMORY_H 1
| #define HAVE_STRINGS_H 1
| #define HAVE_INTTYPES_H 1
| #define HAVE_STDINT_H 1
| #define HAVE_UNISTD_H 1
| #define HAVE_DLFCN_H 1
| #ifdef __cplusplus
| extern "C" void std::exit (int) throw (); using std::exit;
| #endif
| /* end confdefs.h.  */
| #include <X11/Intrinsic.h>
| int
| main ()
| {
| XtMalloc (0)
|   ;
|   return 0;
| }
configure:19406: result: no
configure:20633: checking for gtk-config
configure:20664: result: no
configure:20672: checking for GTK - version >= 1.2.2
configure:20808: result: no
configure:20893: WARNING: *** GTK+ >= 1.2.2 not found ***
configure:20901: checking for XInitThreads in -lX11
configure:20931: gcc -o conftest -g -O2  -Wall   conftest.c -lX11     >&5
configure:20937: $? = 0
configure:20941: test -z 
			 || test ! -s conftest.err
configure:20944: $? = 0
configure:20947: test -s conftest
configure:20950: $? = 0
configure:20963: result: yes
configure:20979: checking for XShapeQueryExtension in -lXext
configure:21009: gcc -o conftest -g -O2  -Wall   conftest.c -lXext  -lX11    >&5
configure:21015: $? = 0
configure:21019: test -z 
			 || test ! -s conftest.err
configure:21022: $? = 0
configure:21025: test -s conftest
configure:21028: $? = 0
configure:21041: result: yes
configure:21057: checking for pthread_create in -lpthread
configure:21087: gcc -o conftest -g -O2  -Wall   conftest.c -lpthread  -lXext -lX11    >&5
configure:21093: $? = 0
configure:21097: test -z 
			 || test ! -s conftest.err
configure:21100: $? = 0
configure:21103: test -s conftest
configure:21106: $? = 0
configure:21119: result: yes
configure:21135: checking for ANSI C header files
configure:21291: result: yes
configure:21306: checking for unistd.h
configure:21311: result: yes
configure:21461: checking pthread.h usability
configure:21473: gcc -c -g -O2  -Wall  conftest.c >&5
configure:21479: $? = 0
configure:21483: test -z 
			 || test ! -s conftest.err
configure:21486: $? = 0
configure:21489: test -s conftest.o
configure:21492: $? = 0
configure:21502: result: yes
configure:21506: checking pthread.h presence
configure:21516: gcc -E  conftest.c
configure:21522: $? = 0
configure:21542: result: yes
configure:21577: checking for pthread.h
configure:21584: result: yes
configure:21603: checking for vprintf
configure:21660: gcc -o conftest -g -O2  -Wall   conftest.c -lpthread -lXext -lX11    >&5
conftest.c:53:6: warning: conflicting types for built-in function 'vprintf'; expected 'int(const char *, __va_list_tag *)' [-Wbuiltin-declaration-mismatch]
   53 | char vprintf ();
      |      ^~~~~~~
conftest.c:40:1: note: 'vprintf' is declared in header '<stdio.h>'
   39 | # include <limits.h>
   40 | #else
configure:21666: $? = 0
configure:21670: test -z 
			 || test ! -s conftest.err
configure:21673: $? = 0
configure:21676: test -s conftest
configure:21679: $? = 0
configure:21691: result: yes
configure:21698: checking for _doprnt
configure:21755: gcc -o conftest -g -O2  -Wall   conftest.c -lpthread -lXext -lX11    >&5
/usr/bin/ld: /tmp/ccbkdu4k.o: in function `main':
/home/e/Desktop/libXosd/xosd/conftest.c:70: undefined reference to `_doprnt'
/usr/bin/ld: /tmp/ccbkdu4k.o:/home/e/Desktop/libXosd/xosd/conftest.c:61: undefined reference to `_doprnt'
collect2: error: ld returned 1 exit status
configure:21761: $? = 1
configure: failed program was:
| /* confdefs.h.  */
| 
| #define PACKAGE_NAME "xosd"
| #define PACKAGE_TARNAME "xosd"
| #define PACKAGE_VERSION "2.2.14"
| #define PACKAGE_STRING "xosd 2.2.14"
| #define PACKAGE_BUGREPORT ""
| #define STDC_HEADERS 1
| #define HAVE_SYS_TYPES_H 1
| #define HAVE_SYS_STAT_H 1
| #define HAVE_STDLIB_H 1
| #define HAVE_STRING_H 1
| #define HAVE_MEMORY_H 1
| #define HAVE_STRINGS_H 1
| #define HAVE_INTTYPES_H 1
| #define HAVE_STDINT_H 1
| #define HAVE_UNISTD_H 1
| #define HAVE_DLFCN_H 1
| #ifdef __cplusplus
| extern "C" void std::exit (int) throw (); using std::exit;
| #endif
| #define X_DISPLAY_MISSING 1
| #define HAVE_LIBX11 1
| #define HAVE_LIBXEXT 1
| #define HAVE_LIBPTHREAD 1
| #define STDC_HEADERS 1
| #define HAVE_UNISTD_H 1
| #define HAVE_VPRINTF 1
| /* end confdefs.h.  */
| /* Define _doprnt to an innocuous variant, in case <limits.h> declares _doprnt.
|    For example, HP-UX 11i <limits.h> declares gettimeofday.  */
| #define _doprnt innocuous__doprnt
| 
| /* System header to define __stub macros and hopefully few prototypes,
|     which can conflict with char _doprnt (); below.
|     Prefer <limits.h> to <assert.h> if __STDC__ is defined, since
|     <limits.h> exists even on freestanding compilers.  */
| 
| #ifdef __STDC__
| # include <limits.h>
| #else
| # include <assert.h>
| #endif
| 
| #undef _doprnt
| 
| /* Override any gcc2 internal prototype to avoid an error.  */
| #ifdef __cplusplus
| extern "C"
| {
| #endif
| /* We use char because int might match the return type of a gcc2
|    builtin and then its argument prototype would still apply.  */
| char _doprnt ();
| /* The GNU C library defines this for functions which it implements
|     to always fail with ENOSYS.  Some functions are actually named
|     something starting with __ and the normal name is an alias.  */
| #if defined (__stub__doprnt) || defined (__stub____doprnt)
| choke me
| #else
| char (*f) () = _doprnt;
| #endif
| #ifdef __cplusplus
| }
| #endif
| 
| int
| main ()
| {
| return f != _doprnt;
|   ;
|   return 0;
| }
configure:21786: result: no
configure:21812: checking for XineramaQueryExtension in -lXinerama_pic
configure:21842: gcc -o conftest -g -O2  -Wall   conftest.c -lXinerama_pic  -lXext  -lpthread -lXext -lX11    >&5
/usr/bin/ld: cannot find -lXinerama_pic
collect2: error: ld returned 1 exit status
configure:21848: $? = 1
configure: failed program was:
| /* confdefs.h.  */
| 
| #define PACKAGE_NAME "xosd"
| #define PACKAGE_TARNAME "xosd"
| #define PACKAGE_VERSION "2.2.14"
| #define PACKAGE_STRING "xosd 2.2.14"
| #define PACKAGE_BUGREPORT ""
| #define STDC_HEADERS 1
| #define HAVE_SYS_TYPES_H 1
| #define HAVE_SYS_STAT_H 1
| #define HAVE_STDLIB_H 1
| #define HAVE_STRING_H 1
| #define HAVE_MEMORY_H 1
| #define HAVE_STRINGS_H 1
| #define HAVE_INTTYPES_H 1
| #define HAVE_STDINT_H 1
| #define HAVE_UNISTD_H 1
| #define HAVE_DLFCN_H 1
| #ifdef __cplusplus
| extern "C" void std::exit (int) throw (); using std::exit;
| #endif
| #define X_DISPLAY_MISSING 1
| #define HAVE_LIBX11 1
| #define HAVE_LIBXEXT 1
| #define HAVE_LIBPTHREAD 1
| #define STDC_HEADERS 1
| #define HAVE_UNISTD_H 1
| #define HAVE_VPRINTF 1
| /* end confdefs.h.  */
| 
| /* Override any gcc2 internal prototype to avoid an error.  */
| #ifdef __cplusplus
| extern "C"
| #endif
| /* We use char because int might match the return type of a gcc2
|    builtin and then its argument prototype would still apply.  */
| char XineramaQueryExtension ();
| int
| main ()
| {
| XineramaQueryExtension ();
|   ;
|   return 0;
| }
configure:21874: result: no
configure:21885: checking for XineramaQueryExtension in -lXinerama
configure:21915: gcc -o conftest -g -O2  -Wall   conftest.c -lXinerama  -lXext  -lpthread -lXext -lX11    >&5
configure:21921: $? = 0
configure:21925: test -z 
			 || test ! -s conftest.err
configure:21928: $? = 0
configure:21931: test -s conftest
configure:21934: $? = 0
configure:21947: result: yes
configure:22068: WARNING: "beep media player not found"
configure:22109: checking for xmms-config
configure:22140: result: no
configure:22249: checking for XMMS - version >= 1.2.7
configure:22257: result: no
configure:22284: WARNING: "xmms plugins can not be built"
configure:22346: checking for gdk-pixbuf-config
configure:22377: result: no
configure:22385: checking for GDK_PIXBUF - version >= 0.22.0
configure:22502: result: no
configure:22582: WARNING: "new xmms plugin can not be built"
configure:22606: checking whether new xmms plugin was requested
configure:22608: result: yes
configure:22629: checking whether beep media plugin was requested
configure:22631: result: yes
configure:22655: checking whether old xmms plugin was requested
configure:22657: result: no
configure:22857: creating ./config.status

## ---------------------- ##
## Running config.status. ##
## ---------------------- ##

This file was extended by xosd config.status 2.2.14, which was
generated by GNU Autoconf 2.59.  Invocation command line was

  CONFIG_FILES    = 
  CONFIG_HEADERS  = 
  CONFIG_LINKS    = 
  CONFIG_COMMANDS = 
  $ ./config.status 

on FatStacks

config.status:743: creating Makefile
config.status:743: creating src/Makefile
config.status:743: creating src/libxosd/Makefile
config.status:743: creating src/xmms_plugin/Makefile
config.status:743: creating src/bmp_plugin/Makefile
config.status:743: creating macros/Makefile
config.status:743: creating man/Makefile
config.status:743: creating pixmaps/Makefile
config.status:743: creating script/Makefile
config.status:743: creating script/xosd-config
config.status:743: creating xosd.spec
config.status:926: executing depfiles commands
config.status:926: executing default commands

## ---------------- ##
## Cache variables. ##
## ---------------- ##

ac_cv_build=x86_64-unknown-linux-gnu
ac_cv_build_alias=x86_64-unknown-linux-gnu
ac_cv_c_compiler_gnu=yes
ac_cv_cxx_compiler_gnu=yes
ac_cv_env_CC_set=
ac_cv_env_CC_value=
ac_cv_env_CFLAGS_set=
ac_cv_env_CFLAGS_value=
ac_cv_env_CPPFLAGS_set=
ac_cv_env_CPPFLAGS_value=
ac_cv_env_CPP_set=
ac_cv_env_CPP_value=
ac_cv_env_CXXCPP_set=
ac_cv_env_CXXCPP_value=
ac_cv_env_CXXFLAGS_set=
ac_cv_env_CXXFLAGS_value=
ac_cv_env_CXX_set=
ac_cv_env_CXX_value=
ac_cv_env_F77_set=
ac_cv_env_F77_value=
ac_cv_env_FFLAGS_set=
ac_cv_env_FFLAGS_value=
ac_cv_env_LDFLAGS_set=
ac_cv_env_LDFLAGS_value=
ac_cv_env_build_alias_set=
ac_cv_env_build_alias_value=
ac_cv_env_host_alias_set=
ac_cv_env_host_alias_value=
ac_cv_env_target_alias_set=
ac_cv_env_target_alias_value=
ac_cv_exeext=
ac_cv_f77_compiler_gnu=no
ac_cv_func__doprnt=no
ac_cv_func_vprintf=yes
ac_cv_have_x=have_x=no
ac_cv_header_dlfcn_h=yes
ac_cv_header_inttypes_h=yes
ac_cv_header_memory_h=yes
ac_cv_header_pthread_h=yes
ac_cv_header_stdc=yes
ac_cv_header_stdint_h=yes
ac_cv_header_stdlib_h=yes
ac_cv_header_string_h=yes
ac_cv_header_strings_h=yes
ac_cv_header_sys_stat_h=yes
ac_cv_header_sys_types_h=yes
ac_cv_header_unistd_h=yes
ac_cv_host=x86_64-unknown-linux-gnu
ac_cv_host_alias=x86_64-unknown-linux-gnu
ac_cv_lib_X11_XInitThreads=yes
ac_cv_lib_Xext_XShapeQueryExtension=yes
ac_cv_lib_Xinerama_XineramaQueryExtension=yes
ac_cv_lib_Xinerama_pic_XineramaQueryExtension=no
ac_cv_lib_pthread_pthread_create=yes
ac_cv_objext=o
ac_cv_path_GDK_PIXBUF_CONFIG=no
ac_cv_path_GTK_CONFIG=no
ac_cv_path_XMMS_CONFIG=no
ac_cv_path_install='/usr/bin/install -c'
ac_cv_prog_AWK=mawk
ac_cv_prog_CPP='gcc -E'
ac_cv_prog_CXXCPP='g++ -E'
ac_cv_prog_ac_ct_AR=ar
ac_cv_prog_ac_ct_CC=gcc
ac_cv_prog_ac_ct_CXX=g++
ac_cv_prog_ac_ct_RANLIB=ranlib
ac_cv_prog_ac_ct_STRIP=strip
ac_cv_prog_cc_g=yes
ac_cv_prog_cc_stdc=
ac_cv_prog_cxx_g=yes
ac_cv_prog_egrep='grep -E'
ac_cv_prog_f77_g=no
ac_cv_prog_make_make_set=yes
am_cv_CC_dependencies_compiler_type=gcc3
am_cv_CXX_dependencies_compiler_type=gcc3
lt_cv_deplibs_check_method=pass_all
lt_cv_file_magic_cmd='$MAGIC_CMD'
lt_cv_file_magic_test_file='/lib/libc.so* /lib/libc-*.so'
lt_cv_ld_reload_flag=-r
lt_cv_objdir=.libs
lt_cv_path_LD=/usr/bin/ld
lt_cv_path_LDCXX='/usr/bin/ld -m elf_x86_64'
lt_cv_path_NM='/usr/bin/nm -B'
lt_cv_path_SED=/usr/bin/sed
lt_cv_prog_compiler_c_o=yes
lt_cv_prog_compiler_c_o_CXX=yes
lt_cv_prog_compiler_rtti_exceptions=no
lt_cv_prog_gnu_ld=yes
lt_cv_prog_gnu_ldcxx=yes
lt_cv_sys_global_symbol_pipe='sed -n -e '\''s/^.*[ 	]\([ABCDGIRSTW][ABCDGIRSTW]*\)[ 	][ 	]*\(\)\([_A-Za-z][_A-Za-z0-9]*\)$/\1 \2\3 \3/p'\'''
lt_cv_sys_global_symbol_to_c_name_address='sed -n -e '\''s/^: \([^ ]*\) $/  {\"\1\", (lt_ptr) 0},/p'\'' -e '\''s/^[BCDEGRST] \([^ ]*\) \([^ ]*\)$/  {"\2", (lt_ptr) \&\2},/p'\'''
lt_cv_sys_global_symbol_to_cdecl='sed -n -e '\''s/^. .* \(.*\)$/extern int \1;/p'\'''
lt_cv_sys_max_cmd_len=32768
lt_lt_cv_prog_compiler_c_o='"yes"'
lt_lt_cv_prog_compiler_c_o_CXX='"yes"'
lt_lt_cv_sys_global_symbol_pipe='"sed -n -e '\''s/^.*[ 	]\\([ABCDGIRSTW][ABCDGIRSTW]*\\)[ 	][ 	]*\\(\\)\\([_A-Za-z][_A-Za-z0-9]*\\)\$/\\1 \\2\\3 \\3/p'\''"'
lt_lt_cv_sys_global_symbol_to_c_name_address='"sed -n -e '\''s/^: \\([^ ]*\\) \$/  {\\\"\\1\\\", (lt_ptr) 0},/p'\'' -e '\''s/^[BCDEGRST] \\([^ ]*\\) \\([^ ]*\\)\$/  {\"\\2\", (lt_ptr) \\&\\2},/p'\''"'
lt_lt_cv_sys_global_symbol_to_cdecl='"sed -n -e '\''s/^. .* \\(.*\\)\$/extern int \\1;/p'\''"'

## ----------------- ##
## Output variables. ##
## ----------------- ##

ACLOCAL='${SHELL} /home/e/Desktop/libXosd/xosd/missing --run aclocal-1.9'
AMDEPBACKSLASH='\'
AMDEP_FALSE='#'
AMDEP_TRUE=''
AMTAR='${SHELL} /home/e/Desktop/libXosd/xosd/missing --run tar'
AR='ar'
AUTOCONF='${SHELL} /home/e/Desktop/libXosd/xosd/missing --run autoconf'
AUTOHEADER='${SHELL} /home/e/Desktop/libXosd/xosd/missing --run autoheader'
AUTOMAKE='${SHELL} /home/e/Desktop/libXosd/xosd/missing --run automake-1.9'
AWK='mawk'
BMP_CFLAGS=''
BMP_GENERAL_PLUGIN_DIR=''
BMP_LIBS=''
BUILD_BEEP_MEDIA_PLUGIN_FALSE=''
BUILD_BEEP_MEDIA_PLUGIN_TRUE='#'
BUILD_NEW_PLUGIN_FALSE=''
BUILD_NEW_PLUGIN_TRUE='#'
BUILD_OLD_PLUGIN_FALSE=''
BUILD_OLD_PLUGIN_TRUE='#'
CC='gcc'
CCDEPMODE='depmode=gcc3'
CFLAGS='-g -O2  -Wall'
CPP='gcc -E'
CPPFLAGS=''
CXX='g++'
CXXCPP='g++ -E'
CXXDEPMODE='depmode=gcc3'
CXXFLAGS='-g -O2'
CYGPATH_W='echo'
DEFS='-DPACKAGE_NAME=\"xosd\" -DPACKAGE_TARNAME=\"xosd\" -DPACKAGE_VERSION=\"2.2.14\" -DPACKAGE_STRING=\"xosd\ 2.2.14\" -DPACKAGE_BUGREPORT=\"\" -DSTDC_HEADERS=1 -DHAVE_SYS_TYPES_H=1 -DHAVE_SYS_STAT_H=1 -DHAVE_STDLIB_H=1 -DHAVE_STRING_H=1 -DHAVE_MEMORY_H=1 -DHAVE_STRINGS_H=1 -DHAVE_INTTYPES_H=1 -DHAVE_STDINT_H=1 -DHAVE_UNISTD_H=1 -DHAVE_DLFCN_H=1 -DX_DISPLAY_MISSING=1 -DHAVE_LIBX11=1 -DHAVE_LIBXEXT=1 -DHAVE_LIBPTHREAD=1 -DSTDC_HEADERS=1 -DHAVE_UNISTD_H=1 -DHAVE_VPRINTF=1 -DHAVE_XINERAMA=1 -DXOSD_VERSION=\"2.2.14\" '
DEPDIR='.deps'
ECHO='echo'
ECHO_C=''
ECHO_N='-n'
ECHO_T=''
EGREP='grep -E'
EXEEXT=''
F77=''
FFLAGS=''
GDK_PIXBUF_CFLAGS=''
GDK_PIXBUF_CONFIG='no'
GDK_PIXBUF_LIBS=''
GTK_CFLAGS=''
GTK_CONFIG='no'
GTK_LIBS=''
INSTALL_DATA='${INSTALL} -m 644'
INSTALL_PROGRAM='${INSTALL}'
INSTALL_SCRIPT='${INSTALL}'
INSTALL_STRIP_PROGRAM='${SHELL} $(install_sh) -c -s'
LDFLAGS=''
LIBOBJS=''
LIBS='-lpthread -lXext -lX11   '
LIBTOOL='$(SHELL) $(top_builddir)/libtool'
LN_S='ln -s'
LTLIBOBJS=''
LT_AGE='2'
LT_CURRENT='4'
LT_REVISION='14'
M4DATADIR='${prefix}/share/aclocal'
MAINT='#'
MAINTAINER_MODE_FALSE=''
MAINTAINER_MODE_TRUE='#'
MAKEINFO='${SHELL} /home/e/Desktop/libXosd/xosd/missing --run makeinfo'
OBJEXT='o'
PACKAGE='xosd'
PACKAGE_BUGREPORT=''
PACKAGE_NAME='xosd'
PACKAGE_STRING='xosd 2.2.14'
PACKAGE_TARNAME='xosd'
PACKAGE_VERSION='2.2.14'
PATH_SEPARATOR=':'
PKG_CONFIG=''
RANLIB='ranlib'
SET_MAKE=''
SHELL='/bin/bash'
STRIP='strip'
VERSION='2.2.14'
XMMS_CFLAGS=''
XMMS_CONFIG='no'
XMMS_DATA_DIR=''
XMMS_EFFECT_PLUGIN_DIR=''
XMMS_GENERAL_PLUGIN_DIR=''
XMMS_INPUT_PLUGIN_DIR=''
XMMS_LIBS=''
XMMS_OUTPUT_PLUGIN_DIR=''
XMMS_PIXMAPDIR='${prefix}/share/xosd'
XMMS_PLUGIN_DIR=''
XMMS_VERSION=''
XMMS_VISUALIZATION_PLUGIN_DIR=''
X_CFLAGS=''
X_EXTRA_LIBS=''
X_LIBS=' -lXinerama'
X_PRE_LIBS=''
ac_ct_AR='ar'
ac_ct_CC='gcc'
ac_ct_CXX='g++'
ac_ct_F77=''
ac_ct_RANLIB='ranlib'
ac_ct_STRIP='strip'
am__fastdepCC_FALSE='#'
am__fastdepCC_TRUE=''
am__fastdepCXX_FALSE='#'
am__fastdepCXX_TRUE=''
am__include='include'
am__leading_dot='.'
am__quote=''
am__tar='${AMTAR} chof - "$$tardir"'
am__untar='${AMTAR} xf -'
bindir='${exec_prefix}/bin'
build='x86_64-unknown-linux-gnu'
build_alias=''
build_cpu='x86_64'
build_os='linux-gnu'
build_vendor='unknown'
datadir='${prefix}/share'
exec_prefix='${prefix}'
host='x86_64-unknown-linux-gnu'
host_alias=''
host_cpu='x86_64'
host_os='linux-gnu'
host_vendor='unknown'
includedir='${prefix}/include'
infodir='${prefix}/info'
install_sh='/home/e/Desktop/libXosd/xosd/install-sh'
libdir='${exec_prefix}/lib'
libexecdir='${exec_prefix}/libexec'
localstatedir='${prefix}/var'
mandir='${prefix}/man'
mkdir_p='mkdir -p --'
oldincludedir='/usr/include'
prefix='/usr/local'
program_transform_name='s,x,x,'
sbindir='${exec_prefix}/sbin'
sharedstatedir='${prefix}/com'
sysconfdir='${prefix}/etc'
target_alias=''

## ----------- ##
## confdefs.h. ##
## ----------- ##

#define HAVE_DLFCN_H 1
#define HAVE_INTTYPES_H 1
#define HAVE_LIBPTHREAD 1
#define HAVE_LIBX11 1
#define HAVE_LIBXEXT 1
#define HAVE_MEMORY_H 1
#define HAVE_STDINT_H 1
#define HAVE_STDLIB_H 1
#define HAVE_STRINGS_H 1
#define HAVE_STRING_H 1
#define HAVE_SYS_STAT_H 1
#define HAVE_SYS_TYPES_H 1
#define HAVE_UNISTD_H 1
#define HAVE_UNISTD_H 1
#define HAVE_VPRINTF 1
#define HAVE_XINERAMA 1
#define PACKAGE_BUGREPORT ""
#define PACKAGE_NAME "xosd"
#define PACKAGE_STRING "xosd 2.2.14"
#define PACKAGE_TARNAME "xosd"
#define PACKAGE_VERSION "2.2.14"
#define STDC_HEADERS 1
#define STDC_HEADERS 1
#define XOSD_VERSION "2.2.14"
#define X_DISPLAY_MISSING 1
#endif
#ifdef __cplusplus
extern "C" void std::exit (int) throw (); using std::exit;

configure: exit 0
